<?xml version="1.0" encoding="UTF-8"?>
<testng-results ignored="0" total="1" passed="1" failed="0" skipped="0">
  <reporter-output>
  </reporter-output>
  <suite started-at="2022-01-20T17:31:07 IST" name="Default suite" finished-at="2022-01-20T17:31:07 IST" duration-ms="64">
    <groups>
    </groups>
    <test started-at="2022-01-20T17:31:07 IST" name="Default test" finished-at="2022-01-20T17:31:07 IST" duration-ms="64">
      <class name="githubPractice.Practice1">
        <test-method signature="demo1()[pri:0, instance:githubPractice.Practice1@776b83cc]" started-at="2022-01-20T17:31:07 IST" name="demo1" finished-at="2022-01-20T17:31:07 IST" duration-ms="9" status="PASS">
          <reporter-output>
          </reporter-output>
        </test-method> <!-- demo1 -->
      </class> <!-- githubPractice.Practice1 -->
    </test> <!-- Default test -->
  </suite> <!-- Default suite -->
</testng-results>
