<?xml version="1.0" encoding="UTF-8"?>
<testng-results ignored="0" total="2" passed="2" failed="0" skipped="0">
  <reporter-output>
  </reporter-output>
  <suite started-at="2022-01-25T17:34:08 IST" name="Suite" finished-at="2022-01-25T17:34:09 IST" duration-ms="70">
    <groups>
      <group name="regression">
        <method signature="Practice2Test.demo2()[pri:0, instance:githubPractice.Practice2Test@3a6bb9bf]" name="demo2" class="githubPractice.Practice2Test"/>
        <method signature="Practice3Test.demo()[pri:0, instance:githubPractice.Practice3Test@355ce81c]" name="demo" class="githubPractice.Practice3Test"/>
      </group> <!-- regression -->
    </groups>
    <test started-at="2022-01-25T17:34:08 IST" name="Test" finished-at="2022-01-25T17:34:09 IST" duration-ms="70">
      <class name="githubPractice.Practice3Test">
        <test-method signature="demo()[pri:0, instance:githubPractice.Practice3Test@355ce81c]" started-at="2022-01-25T17:34:08 IST" name="demo" finished-at="2022-01-25T17:34:08 IST" duration-ms="12" status="PASS">
          <reporter-output>
          </reporter-output>
        </test-method> <!-- demo -->
      </class> <!-- githubPractice.Practice3Test -->
      <class name="githubPractice.Practice2Test">
        <test-method signature="demo2()[pri:0, instance:githubPractice.Practice2Test@3a6bb9bf]" started-at="2022-01-25T17:34:08 IST" name="demo2" finished-at="2022-01-25T17:34:09 IST" duration-ms="1" status="PASS">
          <reporter-output>
          </reporter-output>
        </test-method> <!-- demo2 -->
      </class> <!-- githubPractice.Practice2Test -->
    </test> <!-- Test -->
  </suite> <!-- Suite -->
</testng-results>
