<?xml version="1.0" encoding="UTF-8"?>
<testng-results ignored="0" total="1" passed="1" failed="0" skipped="0">
  <reporter-output>
  </reporter-output>
  <suite started-at="2022-01-20T17:23:47 IST" name="Default suite" finished-at="2022-01-20T17:23:47 IST" duration-ms="75">
    <groups>
    </groups>
    <test started-at="2022-01-20T17:23:47 IST" name="Default test" finished-at="2022-01-20T17:23:47 IST" duration-ms="75">
      <class name="sdet28githubpractice.GitHub">
        <test-method signature="demo()[pri:0, instance:sdet28githubpractice.GitHub@776b83cc]" started-at="2022-01-20T17:23:47 IST" name="demo" finished-at="2022-01-20T17:23:47 IST" duration-ms="11" status="PASS">
          <reporter-output>
          </reporter-output>
        </test-method> <!-- demo -->
      </class> <!-- sdet28githubpractice.GitHub -->
    </test> <!-- Default test -->
  </suite> <!-- Default suite -->
</testng-results>
